<?xml version="1.0" encoding="UTF-8"?>
<!-- Generated by org.testng.reporters.JUnitXMLReporter -->
<testsuite ignored="0" hostname="DESKTOP-RGLJK0L" failures="1" tests="4" name="Surefire test" time="2.43" errors="0" timestamp="19 июл. 2020 17:05:25 GMT">
  <testcase classname="test.ContactTest" name="changeToBlankAndCheck" time="1.249"/>
  <testcase classname="test.ContactTest" name="deleteContactAndCheck" time="0.087">
    <failure type="java.io.IOException" message="Ошибка отправки запроса: сервис вернул ошибку">
      <![CDATA[java.io.IOException: Ошибка отправки запроса: сервис вернул ошибку
at httpRequest.Requests.sendRequestWithoutBody(Requests.java:61)
at httpRequest.Requests.sendDeleteRequest(Requests.java:38)
at test.ContactTest.deleteContactAndCheck(ContactTest.java:29)
... Removed 30 stack frames]]>
    </failure>
  </testcase> <!-- deleteContactAndCheck -->
  <testcase classname="test.UserTest" name="createUserAndCheck" time="0.034"/>
  <testcase classname="test.UserTest" name="updateUserAndCheck" time="0.759"/>
</testsuite> <!-- Surefire test -->
