<?xml version="1.0" encoding="UTF-8"?>
<!-- Generated by org.testng.reporters.JUnitXMLReporter -->
<testsuite ignored="0" hostname="DESKTOP-RGLJK0L" failures="1" tests="4" name="Surefire test" time="0.786" errors="0" timestamp="20 июл. 2020 07:46:48 GMT">
  <testcase classname="test.ContactTest" name="changeToBlankAndCheck" time="0.407"/>
  <testcase classname="test.ContactTest" name="deleteContactAndCheck" time="0.093">
    <failure type="java.io.IOException" message="Ошибка отправки запроса: сервис вернул ошибку">
      <![CDATA[java.io.IOException: Ошибка отправки запроса: сервис вернул ошибку
at httpRequest.Requests.sendRequestWithoutBody(Requests.java:63)
at httpRequest.Requests.sendDeleteRequest(Requests.java:39)
at test.ContactTest.deleteContactAndCheck(ContactTest.java:28)
... Removed 30 stack frames]]>
    </failure>
  </testcase> <!-- deleteContactAndCheck -->
  <testcase classname="test.UserTest" name="createUserAndCheck" time="0.065"/>
  <testcase classname="test.UserTest" name="updateUserAndCheck" time="0.041"/>
</testsuite> <!-- Surefire test -->
