<?xml version="1.0" encoding="UTF-8"?>
<testsuite xmlns:xsi="http://www.w3.org/2001/XMLSchema-instance" xsi:noNamespaceSchemaLocation="https://maven.apache.org/surefire/maven-surefire-plugin/xsd/surefire-test-report.xsd" name="TestSuite" time="4.44" tests="4" errors="0" skipped="0" failures="1">
  <properties>
[...]
</properties>
  <testcase name="changeToBlankAndCheck" classname="test.ContactTest" time="1.266"/>
  <testcase name="deleteContactAndCheck" classname="test.ContactTest" time="0.146">
    <failure message="Ошибка отправки запроса: сервис вернул ошибку" type="java.io.IOException">java.io.IOException: Ошибка отправки запроса: сервис вернул ошибку
	at test.ContactTest.deleteContactAndCheck(ContactTest.java:29)
</failure>
    <system-out><![CDATA[
Sending POST request to URL : http://localhost:8080/users/1/contacts
Response status: 201
Результаты отправки запроса: {"id":38,"firstName":"ContFirstName","lastName":"ContLastName","phone":"1232399734","email":"bo@bo.com"}

Sending GET request to URL : http://localhost:8080/users/1/contacts/search?number=1232399734
Response status: 200
Результаты отправки запроса: [{"id":6,"firstName":"ContactFirstNameTest","lastName":"ContactLastNameTest","phone":"1232399734","email":"bo@bo.com"},{"id":15,"firstName":"ContactFirstNameTest","lastName":"ContactLastNameTest","phone":"1232399734","email":"bo@bo.com"},{"id":17,"firstName":"ContFirstName","lastName":"ContLastName","phone":"1232399734","email":"bo@bo.com"},{"id":25,"firstName":"ContFirstName","lastName":"ContLastName","phone":"1232399734","email":"bo@bo.com"},{"id":28,"firstName":"ContFirstName","lastName":"ContLastName","phone":"1232399734","email":"bo@bo.com"},{"id":30,"firstName":"ContFirstName","lastName":"ContLastName","phone":"1232399734","email":"bo@bo.com"},{"id":32,"firstName":"ContFirstName","lastName":"ContLastName","phone":"1232399734","email":"bo@bo.com"},{"id":34,"firstName":"ContFirstName","lastName":"ContLastName","phone":"1232399734","email":"bo@bo.com"},{"id":36,"firstName":"ContFirstName","lastName":"ContLastName","phone":"1232399734","email":"bo@bo.com"},{"id":38,"firstName":"ContFirstName","lastName":"ContLastName","phone":"1232399734","email":"bo@bo.com"}]

Sending DELETE request to URL : http://localhost:8080/users/1/contacts/38/
Response status: 404
Результаты отправки запроса: {"timestamp":"2020-07-19 10:05:25","status":404,"error":"Contact with id:38 not found"}
]]></system-out>
    <system-err><![CDATA[июл. 19, 2020 10:05:24 PM test.ContactTest deleteContactAndCheck
INFO: deleteContactAndCheck: Start
июл. 19, 2020 10:05:24 PM converter.Converter toJSON
INFO: json created!
июл. 19, 2020 10:05:24 PM converter.Converter toJSON
INFO: {"firstName":"ContFirstName","lastName":"ContLastName","phone":"1232399734","email":"bo@bo.com"}
]]></system-err>
  </testcase>
  <testcase name="createUserAndCheck" classname="test.UserTest" time="0.035"/>
  <testcase name="updateUserAndCheck" classname="test.UserTest" time="0.778"/>
</testsuite>