-------------------------------------------------------------------------------
Test set: TestSuite
-------------------------------------------------------------------------------
Tests run: 4, Failures: 1, Errors: 0, Skipped: 0, Time elapsed: 2.058 s <<< FAILURE! - in TestSuite
deleteContactAndCheck(test.ContactTest)  Time elapsed: 0.126 s  <<< FAILURE!
java.io.IOException: Ошибка отправки запроса: сервис вернул ошибку
	at test.ContactTest.deleteContactAndCheck(ContactTest.java:28)

